<?xml version="1.0" encoding="UTF-8"?>
<robot generator="Robot 6.0.2 (Python 3.9.13 on win32)" generated="20230121 16:14:20.709" rpa="false" schemaversion="3">
<suite id="s1" name="Demo1 app launch" source="C:\Users\40032431\Documents\Robot_Project\Project1\Appium_suite\Demo1_app_launch.robot">
<test id="s1-t1" name="TC3" line="42">
<kw name="Open Application" library="AppiumLibrary">
<arg>remote_url=http://localhost:4723/wd/hub</arg>
<arg>platformName=android</arg>
<arg>deviceName=vivo1920</arg>
<arg>app=C:${/}Users${/}40032431${/}Components${/}khan-academy-7-3-2.apk</arg>
<doc>Opens a new application to given Appium server.
Capabilities of appium server, Android and iOS,
Please check https://github.com/appium/appium/blob/master/docs/en/writing-running-appium/server-args.md
| *Option*            | *Man.* | *Description*     |
| remote_url          | Yes    | Appium server url |
| alias               | no     | alias             |
| strict_ssl          | No     | allows you to send commands to an invalid certificate host like a self-signed one. |</doc>
<status status="PASS" starttime="20230121 16:14:20.927" endtime="20230121 16:14:35.737"/>
</kw>
<kw name="Set Appium Timeout" library="AppiumLibrary">
<arg>30s</arg>
<doc>Sets the timeout in seconds used by various keywords.</doc>
<status status="PASS" starttime="20230121 16:14:35.737" endtime="20230121 16:14:35.738"/>
</kw>
<kw name="Wait Until Page Contains Element" library="AppiumLibrary">
<arg>xpath=//android.widget.TextView[@text='Dismiss']</arg>
<doc>Waits until element specified with `locator` appears on current page.</doc>
<msg timestamp="20230121 16:14:41.136" level="INFO">xpath criteria: //android.widget.TextView[@text='Dismiss']
xpath criteria: //android.widget.TextView[@text='Dismiss']
xpath criteria: //android.widget.TextView[@text='Dismiss']
xpath criteria: //android.widget.TextView[@text='Dismiss']
xpath criteria: //android.widget.TextView[@text='Dismiss']
xpath criteria: //android.widget.TextView[@text='Dismiss']</msg>
<status status="PASS" starttime="20230121 16:14:35.738" endtime="20230121 16:14:41.136"/>
</kw>
<kw name="Click Element" library="AppiumLibrary">
<arg>xpath=//android.widget.TextView[@text='Dismiss']</arg>
<doc>Click element identified by `locator`.</doc>
<msg timestamp="20230121 16:14:41.136" level="INFO">Clicking element 'xpath=//android.widget.TextView[@text='Dismiss']'.</msg>
<msg timestamp="20230121 16:14:41.324" level="INFO">xpath criteria: //android.widget.TextView[@text='Dismiss']</msg>
<status status="PASS" starttime="20230121 16:14:41.136" endtime="20230121 16:14:41.324"/>
</kw>
<kw name="Wait Until Page Contains Element" library="AppiumLibrary">
<arg>xpath=//android.widget.ImageView[@content-desc='Settings']</arg>
<doc>Waits until element specified with `locator` appears on current page.</doc>
<msg timestamp="20230121 16:14:42.426" level="INFO">xpath criteria: //android.widget.ImageView[@content-desc='Settings']</msg>
<status status="PASS" starttime="20230121 16:14:41.324" endtime="20230121 16:14:42.426"/>
</kw>
<kw name="Click Element" library="AppiumLibrary">
<arg>xpath=//android.widget.ImageView[@content-desc='Settings']</arg>
<doc>Click element identified by `locator`.</doc>
<msg timestamp="20230121 16:14:42.426" level="INFO">Clicking element 'xpath=//android.widget.ImageView[@content-desc='Settings']'.</msg>
<msg timestamp="20230121 16:14:42.777" level="INFO">xpath criteria: //android.widget.ImageView[@content-desc='Settings']</msg>
<status status="PASS" starttime="20230121 16:14:42.426" endtime="20230121 16:14:42.777"/>
</kw>
<kw name="Wait Until Page Contains Element" library="AppiumLibrary">
<arg>xpath=//android.widget.TextView[@text='Sign in']</arg>
<doc>Waits until element specified with `locator` appears on current page.</doc>
<msg timestamp="20230121 16:14:43.980" level="INFO">xpath criteria: //android.widget.TextView[@text='Sign in']</msg>
<status status="PASS" starttime="20230121 16:14:42.777" endtime="20230121 16:14:43.980"/>
</kw>
<kw name="Click Element" library="AppiumLibrary">
<arg>xpath=//android.widget.TextView[@text='Sign in']</arg>
<doc>Click element identified by `locator`.</doc>
<msg timestamp="20230121 16:14:43.980" level="INFO">Clicking element 'xpath=//android.widget.TextView[@text='Sign in']'.</msg>
<msg timestamp="20230121 16:14:44.429" level="INFO">xpath criteria: //android.widget.TextView[@text='Sign in']</msg>
<status status="PASS" starttime="20230121 16:14:43.980" endtime="20230121 16:14:44.429"/>
</kw>
<kw name="Wait Until Page Contains Element" library="AppiumLibrary">
<arg>xpath=//android.widget.TextView[@text='Sign up with email']</arg>
<doc>Waits until element specified with `locator` appears on current page.</doc>
<msg timestamp="20230121 16:14:45.271" level="INFO">xpath criteria: //android.widget.TextView[@text='Sign up with email']
xpath criteria: //android.widget.TextView[@text='Sign up with email']</msg>
<status status="PASS" starttime="20230121 16:14:44.429" endtime="20230121 16:14:45.271"/>
</kw>
<kw name="Click Element" library="AppiumLibrary">
<arg>xpath=//android.widget.TextView[@text='Sign up with email']</arg>
<doc>Click element identified by `locator`.</doc>
<msg timestamp="20230121 16:14:45.271" level="INFO">Clicking element 'xpath=//android.widget.TextView[@text='Sign up with email']'.</msg>
<msg timestamp="20230121 16:14:45.616" level="INFO">xpath criteria: //android.widget.TextView[@text='Sign up with email']</msg>
<status status="PASS" starttime="20230121 16:14:45.271" endtime="20230121 16:14:45.616"/>
</kw>
<kw name="Wait Until Page Contains Element" library="AppiumLibrary">
<arg>xpath=//android.widget.EditText[@content-desc="First name"]</arg>
<doc>Waits until element specified with `locator` appears on current page.</doc>
<msg timestamp="20230121 16:14:46.718" level="INFO">xpath criteria: //android.widget.EditText[@content-desc="First name"]</msg>
<status status="PASS" starttime="20230121 16:14:45.616" endtime="20230121 16:14:46.718"/>
</kw>
<kw name="Input Text" library="AppiumLibrary">
<arg>xpath=//android.widget.EditText[@content-desc="First name"]</arg>
<arg>Riya</arg>
<doc>Types the given `text` into text field identified by `locator`.</doc>
<msg timestamp="20230121 16:14:46.718" level="INFO">Typing text 'Riya' into text field 'xpath=//android.widget.EditText[@content-desc="First name"]'</msg>
<msg timestamp="20230121 16:14:46.983" level="INFO">xpath criteria: //android.widget.EditText[@content-desc="First name"]</msg>
<status status="PASS" starttime="20230121 16:14:46.718" endtime="20230121 16:14:46.983"/>
</kw>
<kw name="Input Text" library="AppiumLibrary">
<arg>xpath=//android.widget.EditText[@content-desc="Last name"]</arg>
<arg>Joshi</arg>
<doc>Types the given `text` into text field identified by `locator`.</doc>
<msg timestamp="20230121 16:14:46.983" level="INFO">Typing text 'Joshi' into text field 'xpath=//android.widget.EditText[@content-desc="Last name"]'</msg>
<msg timestamp="20230121 16:14:47.785" level="INFO">xpath criteria: //android.widget.EditText[@content-desc="Last name"]</msg>
<status status="PASS" starttime="20230121 16:14:46.983" endtime="20230121 16:14:47.785"/>
</kw>
<kw name="Wait Until Page Contains Element" library="AppiumLibrary">
<arg>xpath=//android.widget.TextView[@text='Birthday']</arg>
<doc>Waits until element specified with `locator` appears on current page.</doc>
<msg timestamp="20230121 16:14:48.485" level="INFO">xpath criteria: //android.widget.TextView[@text='Birthday']</msg>
<status status="PASS" starttime="20230121 16:14:47.785" endtime="20230121 16:14:48.485"/>
</kw>
<kw name="Click Element" library="AppiumLibrary">
<arg>xpath=//android.widget.TextView[@text='Birthday']</arg>
<doc>Click element identified by `locator`.</doc>
<msg timestamp="20230121 16:14:48.485" level="INFO">Clicking element 'xpath=//android.widget.TextView[@text='Birthday']'.</msg>
<msg timestamp="20230121 16:14:48.723" level="INFO">xpath criteria: //android.widget.TextView[@text='Birthday']</msg>
<status status="PASS" starttime="20230121 16:14:48.485" endtime="20230121 16:14:48.723"/>
</kw>
<kw name="Wait Until Page Contains Element" library="AppiumLibrary">
<arg>xpath=//android.widget.EditText[@resource-id='android:id/numberpicker_input']</arg>
<doc>Waits until element specified with `locator` appears on current page.</doc>
<msg timestamp="20230121 16:14:48.955" level="INFO">xpath criteria: //android.widget.EditText[@resource-id='android:id/numberpicker_input']</msg>
<status status="PASS" starttime="20230121 16:14:48.723" endtime="20230121 16:14:48.955"/>
</kw>
<kw name="Click Element" library="AppiumLibrary">
<arg>xpath=//android.widget.EditText[@resource-id='android:id/numberpicker_input']</arg>
<doc>Click element identified by `locator`.</doc>
<msg timestamp="20230121 16:14:48.955" level="INFO">Clicking element 'xpath=//android.widget.EditText[@resource-id='android:id/numberpicker_input']'.</msg>
<msg timestamp="20230121 16:14:50.746" level="INFO">xpath criteria: //android.widget.EditText[@resource-id='android:id/numberpicker_input']</msg>
<status status="PASS" starttime="20230121 16:14:48.955" endtime="20230121 16:14:50.746"/>
</kw>
<kw name="Clear Text" library="AppiumLibrary">
<arg>xpath=//android.widget.EditText[@resource-id='android:id/numberpicker_input']</arg>
<doc>Clears the text field identified by `locator`.</doc>
<msg timestamp="20230121 16:14:50.746" level="INFO">Clear text field 'xpath=//android.widget.EditText[@resource-id='android:id/numberpicker_input']'</msg>
<msg timestamp="20230121 16:14:50.961" level="INFO">xpath criteria: //android.widget.EditText[@resource-id='android:id/numberpicker_input']</msg>
<status status="PASS" starttime="20230121 16:14:50.746" endtime="20230121 16:14:50.961"/>
</kw>
<kw name="Input Text" library="AppiumLibrary">
<arg>xpath=//android.widget.EditText[@resource-id='android:id/numberpicker_input']</arg>
<arg>Nov</arg>
<doc>Types the given `text` into text field identified by `locator`.</doc>
<msg timestamp="20230121 16:14:50.961" level="INFO">Typing text 'Nov' into text field 'xpath=//android.widget.EditText[@resource-id='android:id/numberpicker_input']'</msg>
<msg timestamp="20230121 16:14:51.906" level="INFO">xpath criteria: //android.widget.EditText[@resource-id='android:id/numberpicker_input']</msg>
<status status="PASS" starttime="20230121 16:14:50.961" endtime="20230121 16:14:51.906"/>
</kw>
<kw name="Click Element" library="AppiumLibrary">
<arg>xpath=(//android.widget.EditText[@resource-id='android:id/numberpicker_input'])[2]</arg>
<doc>Click element identified by `locator`.</doc>
<msg timestamp="20230121 16:14:51.906" level="INFO">Clicking element 'xpath=(//android.widget.EditText[@resource-id='android:id/numberpicker_input'])[2]'.</msg>
<msg timestamp="20230121 16:14:53.853" level="INFO">xpath criteria: (//android.widget.EditText[@resource-id='android:id/numberpicker_input'])[2]</msg>
<status status="PASS" starttime="20230121 16:14:51.906" endtime="20230121 16:14:53.853"/>
</kw>
<kw name="Clear Text" library="AppiumLibrary">
<arg>xpath=(//android.widget.EditText[@resource-id='android:id/numberpicker_input'])[2]</arg>
<doc>Clears the text field identified by `locator`.</doc>
<msg timestamp="20230121 16:14:53.853" level="INFO">Clear text field 'xpath=(//android.widget.EditText[@resource-id='android:id/numberpicker_input'])[2]'</msg>
<msg timestamp="20230121 16:14:54.200" level="INFO">xpath criteria: (//android.widget.EditText[@resource-id='android:id/numberpicker_input'])[2]</msg>
<status status="PASS" starttime="20230121 16:14:53.853" endtime="20230121 16:14:54.200"/>
</kw>
<kw name="Input Text" library="AppiumLibrary">
<arg>xpath=(//android.widget.EditText[@resource-id='android:id/numberpicker_input'])[2]</arg>
<arg>23</arg>
<doc>Types the given `text` into text field identified by `locator`.</doc>
<msg timestamp="20230121 16:14:54.216" level="INFO">Typing text '23' into text field 'xpath=(//android.widget.EditText[@resource-id='android:id/numberpicker_input'])[2]'</msg>
<msg timestamp="20230121 16:14:55.529" level="INFO">xpath criteria: (//android.widget.EditText[@resource-id='android:id/numberpicker_input'])[2]</msg>
<status status="PASS" starttime="20230121 16:14:54.200" endtime="20230121 16:14:55.529"/>
</kw>
<kw name="Click Element" library="AppiumLibrary">
<arg>xpath=(//android.widget.EditText[@resource-id='android:id/numberpicker_input'])[3]</arg>
<doc>Click element identified by `locator`.</doc>
<msg timestamp="20230121 16:14:55.529" level="INFO">Clicking element 'xpath=(//android.widget.EditText[@resource-id='android:id/numberpicker_input'])[3]'.</msg>
<msg timestamp="20230121 16:14:57.268" level="INFO">xpath criteria: (//android.widget.EditText[@resource-id='android:id/numberpicker_input'])[3]</msg>
<status status="PASS" starttime="20230121 16:14:55.529" endtime="20230121 16:14:57.268"/>
</kw>
<kw name="Clear Text" library="AppiumLibrary">
<arg>xpath=(//android.widget.EditText[@resource-id='android:id/numberpicker_input'])[3]</arg>
<doc>Clears the text field identified by `locator`.</doc>
<msg timestamp="20230121 16:14:57.268" level="INFO">Clear text field 'xpath=(//android.widget.EditText[@resource-id='android:id/numberpicker_input'])[3]'</msg>
<msg timestamp="20230121 16:14:57.606" level="INFO">xpath criteria: (//android.widget.EditText[@resource-id='android:id/numberpicker_input'])[3]</msg>
<status status="PASS" starttime="20230121 16:14:57.268" endtime="20230121 16:14:57.606"/>
</kw>
<kw name="Input Text" library="AppiumLibrary">
<arg>xpath=(//android.widget.EditText[@resource-id='android:id/numberpicker_input'])[3]</arg>
<arg>1996</arg>
<doc>Types the given `text` into text field identified by `locator`.</doc>
<msg timestamp="20230121 16:14:57.606" level="INFO">Typing text '1996' into text field 'xpath=(//android.widget.EditText[@resource-id='android:id/numberpicker_input'])[3]'</msg>
<msg timestamp="20230121 16:14:58.774" level="INFO">xpath criteria: (//android.widget.EditText[@resource-id='android:id/numberpicker_input'])[3]</msg>
<status status="PASS" starttime="20230121 16:14:57.606" endtime="20230121 16:14:58.774"/>
</kw>
<kw name="Click Element" library="AppiumLibrary">
<arg>xpath=//android.widget.Button[@text='OK']</arg>
<doc>Click element identified by `locator`.</doc>
<msg timestamp="20230121 16:14:58.776" level="INFO">Clicking element 'xpath=//android.widget.Button[@text='OK']'.</msg>
<msg timestamp="20230121 16:14:59.684" level="INFO">xpath criteria: //android.widget.Button[@text='OK']</msg>
<status status="PASS" starttime="20230121 16:14:58.774" endtime="20230121 16:14:59.684"/>
</kw>
<kw name="Input Text" library="AppiumLibrary">
<arg>xpath=//android.widget.EditText[@text='Email address']</arg>
<arg>riya@1234</arg>
<doc>Types the given `text` into text field identified by `locator`.</doc>
<msg timestamp="20230121 16:14:59.684" level="INFO">Typing text 'riya@1234' into text field 'xpath=//android.widget.EditText[@text='Email address']'</msg>
<msg timestamp="20230121 16:15:01.452" level="INFO">xpath criteria: //android.widget.EditText[@text='Email address']</msg>
<status status="PASS" starttime="20230121 16:14:59.684" endtime="20230121 16:15:01.452"/>
</kw>
<kw name="Input Password" library="AppiumLibrary">
<arg>xpath=//android.widget.EditText[@text='Password']</arg>
<arg>riya11025</arg>
<doc>Types the given password into text field identified by `locator`.</doc>
<msg timestamp="20230121 16:15:01.452" level="INFO">Typing password into text field 'xpath=//android.widget.EditText[@text='Password']'</msg>
<msg timestamp="20230121 16:15:02.670" level="INFO">xpath criteria: //android.widget.EditText[@text='Password']</msg>
<status status="PASS" starttime="20230121 16:15:01.452" endtime="20230121 16:15:02.670"/>
</kw>
<kw name="Click Element" library="AppiumLibrary">
<arg>xpath=//android.widget.TextView[@text='CREATE']</arg>
<doc>Click element identified by `locator`.</doc>
<msg timestamp="20230121 16:15:02.670" level="INFO">Clicking element 'xpath=//android.widget.TextView[@text='CREATE']'.</msg>
<msg timestamp="20230121 16:15:03.415" level="INFO">xpath criteria: //android.widget.TextView[@text='CREATE']</msg>
<status status="PASS" starttime="20230121 16:15:02.670" endtime="20230121 16:15:03.415"/>
</kw>
<kw name="Get Source" library="AppiumLibrary">
<var>${page_source}</var>
<doc>Returns the entire source of the current page.</doc>
<msg timestamp="20230121 16:15:08.803" level="INFO">${page_source} = &lt;?xml version='1.0' encoding='UTF-8' standalone='yes' ?&gt;
&lt;hierarchy index="0" class="hierarchy" rotation="0" width="1080" height="2141"&gt;
  &lt;android.widget.FrameLayout index="0" package="org.khanacad...</msg>
<status status="PASS" starttime="20230121 16:15:03.415" endtime="20230121 16:15:08.803"/>
</kw>
<kw name="Log To Console" library="BuiltIn">
<arg>${page_source}</arg>
<doc>Logs the given message to the console.</doc>
<status status="PASS" starttime="20230121 16:15:08.803" endtime="20230121 16:15:08.803"/>
</kw>
<kw name="Sleep" library="BuiltIn">
<arg>10s</arg>
<doc>Pauses the test executed for the given time.</doc>
<msg timestamp="20230121 16:15:18.808" level="INFO">Slept 10 seconds</msg>
<status status="PASS" starttime="20230121 16:15:08.803" endtime="20230121 16:15:18.808"/>
</kw>
<kw name="Close Application" library="AppiumLibrary" type="TEARDOWN">
<doc>Closes the current application and also close webdriver session.</doc>
<status status="PASS" starttime="20230121 16:15:18.809" endtime="20230121 16:15:19.535"/>
</kw>
<status status="PASS" starttime="20230121 16:14:20.927" endtime="20230121 16:15:19.535"/>
</test>
<status status="PASS" starttime="20230121 16:14:20.715" endtime="20230121 16:15:19.539"/>
</suite>
<statistics>
<total>
<stat pass="1" fail="0" skip="0">All Tests</stat>
</total>
<tag>
</tag>
<suite>
<stat pass="1" fail="0" skip="0" id="s1" name="Demo1 app launch">Demo1 app launch</stat>
</suite>
</statistics>
<errors>
</errors>
</robot>
